<?xml version="1.0" encoding="UTF-8"?>
<testsuite name="com.example.project.ExampleUnitTest" tests="7" skipped="0" failures="0" errors="0" timestamp="2023-11-29T03:05:35" hostname="LAPTOP-SHGQKFRK" time="0.014">
  <properties/>
  <testcase name="checkServiceDocuments" classname="com.example.project.ExampleUnitTest" time="0.009"/>
  <testcase name="checkServiceFormFieldsSetters" classname="com.example.project.ExampleUnitTest" time="0.0"/>
  <testcase name="checkServiceDocumentSetters" classname="com.example.project.ExampleUnitTest" time="0.0"/>
  <testcase name="CheckOfferedServicesRemover" classname="com.example.project.ExampleUnitTest" time="0.002"/>
  <testcase name="checkServiceName" classname="com.example.project.ExampleUnitTest" time="0.0"/>
  <testcase name="CheckOfferedServicesGetter" classname="com.example.project.ExampleUnitTest" time="0.001"/>
  <testcase name="checkServiceFormFields" classname="com.example.project.ExampleUnitTest" time="0.0"/>
  <system-out><![CDATA[]]></system-out>
  <system-err><![CDATA[]]></system-err>
</testsuite>
